<project xmlns="http://maven.apache.org/POM/4.0.0"
    xmlns:xsi="http://www.w3.org/2001/XMLSchema-instance"
    xsi:schemaLocation="http://maven.apache.org/POM/4.0.0 http://maven.apache.org/maven-v4_0_0.xsd">
  <modelVersion>4.0.0</modelVersion>
  <groupId>org.xerial.maven</groupId>
  <artifactId>maven-plugin-test</artifactId>
  <packaging>jar</packaging>
  <version>1.0-SNAPSHOT</version>
  <inceptionYear>2007</inceptionYear>
  <name>Maven Antlr Plugin Test</name>
  
  <build>
    <plugins>
      <plugin>
        <groupId>org.xerial.maven</groupId>
        <artifactId>maven-antlr-plugin</artifactId>
        <configuration>
          	<sourceDirectory>src/test/java</sourceDirectory>
        </configuration>
      </plugin>
    </plugins>
  </build>
</project>
